INFO:__main__:Started
INFO:__main__:Started
INFO:myLib:Doing something
INFO:__main__:Finished
INFO:__main__:Exiting
INFO:__main__:Started
INFO:myLib:Doing something
INFO:__main__:Finished
INFO:__main__:Exiting
INFO:__main__:Started
INFO:myLib:Doing something
INFO:__main__:Finished
INFO:__main__:Exiting
INFO:__main__:Started
INFO:myLib:Doing something
INFO:__main__:Finished
INFO:__main__:Exiting
INFO:__main__:Started
INFO:myLib:Doing something
INFO:__main__:Finished
INFO:__main__:Exiting
INFO:__main__:Started
INFO:myLib:Doing something
INFO:__main__:Finished
INFO:__main__:Exiting
INFO:__main__:Started
INFO:myLib:Computed score: 40
INFO:__main__:Finished
INFO:__main__:Exiting
